Start testing: Jan 12 12:17 CET
----------------------------------------------------------
1/1 Testing: BankAccountTest
1/1 Test: BankAccountTest
Command: "/home/arsalan/Desktop/google_test/build/tests"
Directory: /home/arsalan/Desktop/google_test/build
"BankAccountTest" start time: Jan 12 12:17 CET
Output:
----------------------------------------------------------
[==========] Running 1 test from 1 test suite.
[----------] Global test environment set-up.
[----------] 1 test from AccountTest
[ RUN      ] AccountTest.BankAccountStartsEmpty
[       OK ] AccountTest.BankAccountStartsEmpty (0 ms)
[----------] 1 test from AccountTest (0 ms total)

[----------] Global test environment tear-down
[==========] 1 test from 1 test suite ran. (0 ms total)
[  PASSED  ] 1 test.
<end of output>
Test time =   0.01 sec
----------------------------------------------------------
Test Passed.
"BankAccountTest" end time: Jan 12 12:17 CET
"BankAccountTest" time elapsed: 00:00:00
----------------------------------------------------------

End testing: Jan 12 12:17 CET
