Start testing: Jan 12 15:38 CET
----------------------------------------------------------
1/1 Testing: BankAccountTest
1/1 Test: BankAccountTest
Command: "/home/arsalan/Desktop/google_test/build/tests"
Directory: /home/arsalan/Desktop/google_test/build
"BankAccountTest" start time: Jan 12 15:38 CET
Output:
----------------------------------------------------------
[==========] Running 2 tests from 1 test suite.
[----------] Global test environment set-up.
[----------] 2 tests from BankAccountTest
[ RUN      ] BankAccountTest.BankAccountStartsEmpty
[       OK ] BankAccountTest.BankAccountStartsEmpty (0 ms)
[ RUN      ] BankAccountTest.CanDepositMoeny
[       OK ] BankAccountTest.CanDepositMoeny (0 ms)
[----------] 2 tests from BankAccountTest (0 ms total)

[----------] Global test environment tear-down
[==========] 2 tests from 1 test suite ran. (0 ms total)
[  PASSED  ] 2 tests.
<end of output>
Test time =   0.00 sec
----------------------------------------------------------
Test Passed.
"BankAccountTest" end time: Jan 12 15:38 CET
"BankAccountTest" time elapsed: 00:00:00
----------------------------------------------------------

End testing: Jan 12 15:38 CET
