<?xml version="1.0" encoding="UTF-8"?>
<Site BuildName="(empty)"
	BuildStamp="20250112-1028-Experimental"
	Name="(empty)"
	Generator="ctest-3.28.3"
	CompilerName=""
	CompilerVersion=""
	OSName="Linux"
	Hostname="arsalan-Lenovo-IdeaPad-S540-15IWL-GTX"
	OSRelease="6.8.0-51-generic"
	OSVersion="#52-Ubuntu SMP PREEMPT_DYNAMIC Thu Dec  5 13:09:44 UTC 2024"
	OSPlatform="x86_64"
	Is64Bits="1"
	VendorString="GenuineIntel"
	VendorID="Intel Corporation"
	FamilyID="6"
	ModelID="142"
	ProcessorCacheSize="8192"
	NumberOfLogicalCPU="8"
	NumberOfPhysicalCPU="4"
	TotalVirtualMemory="8192"
	TotalPhysicalMemory="19753"
	LogicalProcessorsPerPhysical="2"
	ProcessorClockFrequency="2400.02"
	>
	<Testing>
		<StartDateTime>Jan 12 15:38 CET</StartDateTime>
		<StartTestTime>1736692713</StartTestTime>
		<TestList>
			<Test>./BankAccountTest</Test>
		</TestList>
		<Test Status="passed">
			<Name>BankAccountTest</Name>
			<Path>.</Path>
			<FullName>./BankAccountTest</FullName>
			<FullCommandLine>/home/arsalan/Desktop/google_test/build/tests</FullCommandLine>
			<Results>
				<NamedMeasurement type="numeric/double" name="Execution Time">
					<Value>0.00281077</Value>
				</NamedMeasurement>
				<NamedMeasurement type="numeric/double" name="Processors">
					<Value>1</Value>
				</NamedMeasurement>
				<NamedMeasurement type="text/string" name="Completion Status">
					<Value>Completed</Value>
				</NamedMeasurement>
				<NamedMeasurement type="text/string" name="Command Line">
					<Value>/home/arsalan/Desktop/google_test/build/tests</Value>
				</NamedMeasurement>
				<NamedMeasurement type="text/string" name="Environment">
					<Value>#CTEST_RESOURCE_GROUP_COUNT=</Value>
				</NamedMeasurement>
				<Measurement>
					<Value encoding="base64" compression="gzip">eJyNUT0PgkAM3e9XdJQBou4OKMbB+BHQiTCceJqL0CN3PY3/XgRDgETlbW3f68tr41mDBEKLKPEKUyBhyMBFqxwmVQHGShIei90GCawydeJZPRd4l1phLrDkCnJt0SN3ls453vw0VRbpUHZZDOFxCxWS/tBr1RFxTWaZF/QsNTV268EaGI0hN85vuwXHQBTKSNoogX98euTGYGjyWgCkiGcOG3ZeEly7Z/VAFre/9/VroDl6XaMy096PomXwPsBH6LEXjgal7w==</Value>
				</Measurement>
			</Results>
		</Test>
		<EndDateTime>Jan 12 15:38 CET</EndDateTime>
		<EndTestTime>1736692713</EndTestTime>
		<ElapsedMinutes>0</ElapsedMinutes>
	</Testing>
</Site>
